{"C:\\Users\\Usuario\\Desktop\\nutricion\\backend\\db.js": {"path":"C:\\Users\\Usuario\\Desktop\\nutricion\\backend\\db.js","statementMap":{"0":{"start":{"line":1,"column":14},"end":{"line":1,"column":31}},"1":{"start":{"line":7,"column":17},"end":{"line":17,"column":2}},"2":{"start":{"line":19,"column":0},"end":{"line":30,"column":3}},"3":{"start":{"line":21,"column":2},"end":{"line":26,"column":3}},"4":{"start":{"line":23,"column":4},"end":{"line":23,"column":21}},"5":{"start":{"line":24,"column":4},"end":{"line":24,"column":11}},"6":{"start":{"line":28,"column":2},"end":{"line":28,"column":33}},"7":{"start":{"line":36,"column":0},"end":{"line":36,"column":26}}},"fnMap":{"0":{"name":"(anonymous_0)","decl":{"start":{"line":19,"column":17},"end":{"line":19,"column":18}},"loc":{"start":{"line":19,"column":26},"end":{"line":30,"column":1}},"line":19}},"branchMap":{"0":{"loc":{"start":{"line":21,"column":2},"end":{"line":26,"column":3}},"type":"if","locations":[{"start":{"line":21,"column":2},"end":{"line":26,"column":3}},{"start":{},"end":{}}],"line":21}},"s":{"0":3,"1":3,"2":3,"3":3,"4":0,"5":0,"6":3,"7":3},"f":{"0":3},"b":{"0":[0,3]},"_coverageSchema":"1a1c01bbd47fc00a2c39e90264f33305004495a9","hash":"86fed064cd6ec7b822c100bd2b64f4ae489f6b57"}
,"C:\\Users\\Usuario\\Desktop\\nutricion\\backend\\server.js": {"path":"C:\\Users\\Usuario\\Desktop\\nutricion\\backend\\server.js","statementMap":{"0":{"start":{"line":1,"column":16},"end":{"line":1,"column":34}},"1":{"start":{"line":2,"column":13},"end":{"line":2,"column":28}},"2":{"start":{"line":3,"column":15},"end":{"line":3,"column":32}},"3":{"start":{"line":4,"column":11},"end":{"line":4,"column":24}},"4":{"start":{"line":6,"column":11},"end":{"line":6,"column":26}},"5":{"start":{"line":13,"column":0},"end":{"line":13,"column":37}},"6":{"start":{"line":16,"column":0},"end":{"line":16,"column":41}},"7":{"start":{"line":19,"column":0},"end":{"line":19,"column":44}},"8":{"start":{"line":22,"column":0},"end":{"line":22,"column":44}},"9":{"start":{"line":29,"column":0},"end":{"line":29,"column":39}},"10":{"start":{"line":31,"column":0},"end":{"line":31,"column":27}},"11":{"start":{"line":33,"column":12},"end":{"line":33,"column":21}},"12":{"start":{"line":39,"column":0},"end":{"line":39,"column":16}},"13":{"start":{"line":41,"column":0},"end":{"line":41,"column":24}},"14":{"start":{"line":47,"column":15},"end":{"line":51,"column":2}},"15":{"start":{"line":57,"column":0},"end":{"line":63,"column":3}},"16":{"start":{"line":59,"column":2},"end":{"line":61,"column":4}},"17":{"start":{"line":69,"column":0},"end":{"line":313,"column":3}},"18":{"start":{"line":81,"column":6},"end":{"line":81,"column":14}},"19":{"start":{"line":83,"column":14},"end":{"line":99,"column":3}},"20":{"start":{"line":101,"column":2},"end":{"line":311,"column":4}},"21":{"start":{"line":119,"column":6},"end":{"line":130,"column":7}},"22":{"start":{"line":121,"column":8},"end":{"line":121,"column":25}},"23":{"start":{"line":123,"column":8},"end":{"line":128,"column":11}},"24":{"start":{"line":133,"column":8},"end":{"line":133,"column":23}},"25":{"start":{"line":135,"column":6},"end":{"line":307,"column":7}},"26":{"start":{"line":143,"column":8},"end":{"line":166,"column":9}},"27":{"start":{"line":147,"column":10},"end":{"line":148,"column":36}},"28":{"start":{"line":152,"column":13},"end":{"line":166,"column":9}},"29":{"start":{"line":156,"column":10},"end":{"line":157,"column":39}},"30":{"start":{"line":163,"column":10},"end":{"line":164,"column":39}},"31":{"start":{"line":169,"column":10},"end":{"line":171,"column":11}},"32":{"start":{"line":174,"column":10},"end":{"line":174,"column":32}},"33":{"start":{"line":180,"column":23},"end":{"line":214,"column":9}},"34":{"start":{"line":221,"column":10},"end":{"line":221,"column":33}},"35":{"start":{"line":224,"column":10},"end":{"line":224,"column":43}},"36":{"start":{"line":230,"column":25},"end":{"line":244,"column":9}},"37":{"start":{"line":246,"column":8},"end":{"line":292,"column":10}},"38":{"start":{"line":262,"column":12},"end":{"line":273,"column":13}},"39":{"start":{"line":264,"column":14},"end":{"line":264,"column":36}},"40":{"start":{"line":266,"column":14},"end":{"line":271,"column":17}},"41":{"start":{"line":275,"column":12},"end":{"line":288,"column":15}},"42":{"start":{"line":298,"column":8},"end":{"line":298,"column":27}},"43":{"start":{"line":300,"column":8},"end":{"line":305,"column":11}},"44":{"start":{"line":319,"column":0},"end":{"line":388,"column":3}},"45":{"start":{"line":326,"column":6},"end":{"line":326,"column":14}},"46":{"start":{"line":328,"column":14},"end":{"line":337,"column":3}},"47":{"start":{"line":339,"column":2},"end":{"line":386,"column":4}},"48":{"start":{"line":352,"column":6},"end":{"line":361,"column":7}},"49":{"start":{"line":354,"column":8},"end":{"line":359,"column":11}},"50":{"start":{"line":363,"column":6},"end":{"line":372,"column":7}},"51":{"start":{"line":365,"column":8},"end":{"line":370,"column":11}},"52":{"start":{"line":374,"column":6},"end":{"line":382,"column":9}},"53":{"start":{"line":394,"column":0},"end":{"line":439,"column":3}},"54":{"start":{"line":396,"column":17},"end":{"line":396,"column":27}},"55":{"start":{"line":398,"column":14},"end":{"line":406,"column":3}},"56":{"start":{"line":408,"column":2},"end":{"line":437,"column":4}},"57":{"start":{"line":416,"column":6},"end":{"line":427,"column":7}},"58":{"start":{"line":418,"column":8},"end":{"line":418,"column":25}},"59":{"start":{"line":420,"column":8},"end":{"line":425,"column":11}},"60":{"start":{"line":429,"column":6},"end":{"line":433,"column":8}},"61":{"start":{"line":445,"column":0},"end":{"line":489,"column":3}},"62":{"start":{"line":448,"column":4},"end":{"line":448,"column":14}},"63":{"start":{"line":450,"column":14},"end":{"line":460,"column":3}},"64":{"start":{"line":462,"column":2},"end":{"line":487,"column":4}},"65":{"start":{"line":470,"column":6},"end":{"line":481,"column":7}},"66":{"start":{"line":472,"column":8},"end":{"line":472,"column":25}},"67":{"start":{"line":474,"column":8},"end":{"line":479,"column":11}},"68":{"start":{"line":483,"column":6},"end":{"line":483,"column":23}},"69":{"start":{"line":495,"column":0},"end":{"line":557,"column":3}},"70":{"start":{"line":503,"column":6},"end":{"line":503,"column":14}},"71":{"start":{"line":505,"column":14},"end":{"line":517,"column":3}},"72":{"start":{"line":519,"column":2},"end":{"line":555,"column":4}},"73":{"start":{"line":533,"column":6},"end":{"line":544,"column":7}},"74":{"start":{"line":535,"column":8},"end":{"line":535,"column":25}},"75":{"start":{"line":537,"column":8},"end":{"line":542,"column":11}},"76":{"start":{"line":546,"column":6},"end":{"line":551,"column":9}},"77":{"start":{"line":563,"column":0},"end":{"line":609,"column":3}},"78":{"start":{"line":566,"column":4},"end":{"line":566,"column":14}},"79":{"start":{"line":568,"column":14},"end":{"line":580,"column":3}},"80":{"start":{"line":582,"column":2},"end":{"line":607,"column":4}},"81":{"start":{"line":590,"column":6},"end":{"line":601,"column":7}},"82":{"start":{"line":592,"column":8},"end":{"line":592,"column":25}},"83":{"start":{"line":594,"column":8},"end":{"line":599,"column":11}},"84":{"start":{"line":603,"column":6},"end":{"line":603,"column":23}},"85":{"start":{"line":615,"column":0},"end":{"line":661,"column":3}},"86":{"start":{"line":617,"column":2},"end":{"line":659,"column":3}},"87":{"start":{"line":620,"column":6},"end":{"line":620,"column":14}},"88":{"start":{"line":622,"column":19},"end":{"line":632,"column":5}},"89":{"start":{"line":635,"column":6},"end":{"line":635,"column":29}},"90":{"start":{"line":638,"column":6},"end":{"line":638,"column":39}},"91":{"start":{"line":640,"column":4},"end":{"line":644,"column":7}},"92":{"start":{"line":650,"column":4},"end":{"line":650,"column":23}},"93":{"start":{"line":652,"column":4},"end":{"line":657,"column":7}},"94":{"start":{"line":667,"column":0},"end":{"line":774,"column":3}},"95":{"start":{"line":669,"column":2},"end":{"line":772,"column":3}},"96":{"start":{"line":676,"column":8},"end":{"line":676,"column":16}},"97":{"start":{"line":678,"column":19},"end":{"line":694,"column":5}},"98":{"start":{"line":697,"column":6},"end":{"line":697,"column":29}},"99":{"start":{"line":700,"column":6},"end":{"line":700,"column":39}},"100":{"start":{"line":706,"column":4},"end":{"line":751,"column":5}},"101":{"start":{"line":708,"column":27},"end":{"line":721,"column":7}},"102":{"start":{"line":723,"column":6},"end":{"line":749,"column":8}},"103":{"start":{"line":738,"column":10},"end":{"line":745,"column":11}},"104":{"start":{"line":740,"column":12},"end":{"line":743,"column":14}},"105":{"start":{"line":753,"column":4},"end":{"line":757,"column":7}},"106":{"start":{"line":763,"column":4},"end":{"line":763,"column":23}},"107":{"start":{"line":765,"column":4},"end":{"line":770,"column":7}},"108":{"start":{"line":780,"column":0},"end":{"line":896,"column":2}},"109":{"start":{"line":788,"column":4},"end":{"line":892,"column":5}},"110":{"start":{"line":794,"column":10},"end":{"line":794,"column":18}},"111":{"start":{"line":796,"column":21},"end":{"line":811,"column":7}},"112":{"start":{"line":814,"column":8},"end":{"line":814,"column":31}},"113":{"start":{"line":817,"column":8},"end":{"line":817,"column":41}},"114":{"start":{"line":823,"column":6},"end":{"line":868,"column":7}},"115":{"start":{"line":825,"column":29},"end":{"line":838,"column":9}},"116":{"start":{"line":840,"column":8},"end":{"line":866,"column":10}},"117":{"start":{"line":855,"column":12},"end":{"line":862,"column":13}},"118":{"start":{"line":857,"column":14},"end":{"line":860,"column":16}},"119":{"start":{"line":871,"column":6},"end":{"line":871,"column":35}},"120":{"start":{"line":873,"column":6},"end":{"line":877,"column":9}},"121":{"start":{"line":883,"column":6},"end":{"line":883,"column":25}},"122":{"start":{"line":885,"column":6},"end":{"line":890,"column":9}},"123":{"start":{"line":902,"column":0},"end":{"line":946,"column":3}},"124":{"start":{"line":905,"column":4},"end":{"line":905,"column":14}},"125":{"start":{"line":907,"column":14},"end":{"line":917,"column":3}},"126":{"start":{"line":919,"column":2},"end":{"line":944,"column":4}},"127":{"start":{"line":927,"column":6},"end":{"line":938,"column":7}},"128":{"start":{"line":929,"column":8},"end":{"line":929,"column":25}},"129":{"start":{"line":931,"column":8},"end":{"line":936,"column":11}},"130":{"start":{"line":940,"column":6},"end":{"line":940,"column":23}},"131":{"start":{"line":953,"column":2},"end":{"line":953,"column":26}},"132":{"start":{"line":955,"column":0},"end":{"line":961,"column":1}},"133":{"start":{"line":957,"column":2},"end":{"line":959,"column":5}},"134":{"start":{"line":958,"column":4},"end":{"line":958,"column":56}},"135":{"start":{"line":963,"column":0},"end":{"line":963,"column":21}}},"fnMap":{"0":{"name":"(anonymous_0)","decl":{"start":{"line":57,"column":13},"end":{"line":57,"column":14}},"loc":{"start":{"line":57,"column":27},"end":{"line":63,"column":1}},"line":57},"1":{"name":"(anonymous_1)","decl":{"start":{"line":69,"column":31},"end":{"line":69,"column":32}},"loc":{"start":{"line":69,"column":51},"end":{"line":313,"column":1}},"line":69},"2":{"name":"(anonymous_2)","decl":{"start":{"line":117,"column":4},"end":{"line":117,"column":5}},"loc":{"start":{"line":117,"column":27},"end":{"line":309,"column":5}},"line":117},"3":{"name":"(anonymous_3)","decl":{"start":{"line":260,"column":10},"end":{"line":260,"column":11}},"loc":{"start":{"line":260,"column":37},"end":{"line":290,"column":11}},"line":260},"4":{"name":"(anonymous_4)","decl":{"start":{"line":319,"column":19},"end":{"line":319,"column":20}},"loc":{"start":{"line":319,"column":33},"end":{"line":388,"column":1}},"line":319},"5":{"name":"(anonymous_5)","decl":{"start":{"line":350,"column":4},"end":{"line":350,"column":5}},"loc":{"start":{"line":350,"column":21},"end":{"line":384,"column":5}},"line":350},"6":{"name":"(anonymous_6)","decl":{"start":{"line":394,"column":25},"end":{"line":394,"column":26}},"loc":{"start":{"line":394,"column":39},"end":{"line":439,"column":1}},"line":394},"7":{"name":"(anonymous_7)","decl":{"start":{"line":414,"column":4},"end":{"line":414,"column":5}},"loc":{"start":{"line":414,"column":21},"end":{"line":435,"column":5}},"line":414},"8":{"name":"(anonymous_8)","decl":{"start":{"line":445,"column":34},"end":{"line":445,"column":35}},"loc":{"start":{"line":445,"column":48},"end":{"line":489,"column":1}},"line":445},"9":{"name":"(anonymous_9)","decl":{"start":{"line":468,"column":4},"end":{"line":468,"column":5}},"loc":{"start":{"line":468,"column":21},"end":{"line":485,"column":5}},"line":468},"10":{"name":"(anonymous_10)","decl":{"start":{"line":495,"column":22},"end":{"line":495,"column":23}},"loc":{"start":{"line":495,"column":36},"end":{"line":557,"column":1}},"line":495},"11":{"name":"(anonymous_11)","decl":{"start":{"line":531,"column":4},"end":{"line":531,"column":5}},"loc":{"start":{"line":531,"column":21},"end":{"line":553,"column":5}},"line":531},"12":{"name":"(anonymous_12)","decl":{"start":{"line":563,"column":31},"end":{"line":563,"column":32}},"loc":{"start":{"line":563,"column":45},"end":{"line":609,"column":1}},"line":563},"13":{"name":"(anonymous_13)","decl":{"start":{"line":588,"column":4},"end":{"line":588,"column":5}},"loc":{"start":{"line":588,"column":21},"end":{"line":605,"column":5}},"line":588},"14":{"name":"(anonymous_14)","decl":{"start":{"line":615,"column":30},"end":{"line":615,"column":31}},"loc":{"start":{"line":615,"column":50},"end":{"line":661,"column":1}},"line":615},"15":{"name":"(anonymous_15)","decl":{"start":{"line":667,"column":29},"end":{"line":667,"column":30}},"loc":{"start":{"line":667,"column":49},"end":{"line":774,"column":1}},"line":667},"16":{"name":"(anonymous_16)","decl":{"start":{"line":736,"column":8},"end":{"line":736,"column":9}},"loc":{"start":{"line":736,"column":17},"end":{"line":747,"column":9}},"line":736},"17":{"name":"(anonymous_17)","decl":{"start":{"line":786,"column":2},"end":{"line":786,"column":3}},"loc":{"start":{"line":786,"column":22},"end":{"line":894,"column":3}},"line":786},"18":{"name":"(anonymous_18)","decl":{"start":{"line":853,"column":10},"end":{"line":853,"column":11}},"loc":{"start":{"line":853,"column":19},"end":{"line":864,"column":11}},"line":853},"19":{"name":"(anonymous_19)","decl":{"start":{"line":902,"column":34},"end":{"line":902,"column":35}},"loc":{"start":{"line":902,"column":48},"end":{"line":946,"column":1}},"line":902},"20":{"name":"(anonymous_20)","decl":{"start":{"line":925,"column":4},"end":{"line":925,"column":5}},"loc":{"start":{"line":925,"column":21},"end":{"line":942,"column":5}},"line":925},"21":{"name":"(anonymous_21)","decl":{"start":{"line":957,"column":19},"end":{"line":957,"column":20}},"loc":{"start":{"line":957,"column":25},"end":{"line":959,"column":3}},"line":957}},"branchMap":{"0":{"loc":{"start":{"line":119,"column":6},"end":{"line":130,"column":7}},"type":"if","locations":[{"start":{"line":119,"column":6},"end":{"line":130,"column":7}},{"start":{},"end":{}}],"line":119},"1":{"loc":{"start":{"line":143,"column":8},"end":{"line":166,"column":9}},"type":"if","locations":[{"start":{"line":143,"column":8},"end":{"line":166,"column":9}},{"start":{"line":152,"column":13},"end":{"line":166,"column":9}}],"line":143},"2":{"loc":{"start":{"line":152,"column":13},"end":{"line":166,"column":9}},"type":"if","locations":[{"start":{"line":152,"column":13},"end":{"line":166,"column":9}},{"start":{"line":161,"column":13},"end":{"line":166,"column":9}}],"line":152},"3":{"loc":{"start":{"line":262,"column":12},"end":{"line":273,"column":13}},"type":"if","locations":[{"start":{"line":262,"column":12},"end":{"line":273,"column":13}},{"start":{},"end":{}}],"line":262},"4":{"loc":{"start":{"line":352,"column":6},"end":{"line":361,"column":7}},"type":"if","locations":[{"start":{"line":352,"column":6},"end":{"line":361,"column":7}},{"start":{},"end":{}}],"line":352},"5":{"loc":{"start":{"line":363,"column":6},"end":{"line":372,"column":7}},"type":"if","locations":[{"start":{"line":363,"column":6},"end":{"line":372,"column":7}},{"start":{},"end":{}}],"line":363},"6":{"loc":{"start":{"line":416,"column":6},"end":{"line":427,"column":7}},"type":"if","locations":[{"start":{"line":416,"column":6},"end":{"line":427,"column":7}},{"start":{},"end":{}}],"line":416},"7":{"loc":{"start":{"line":470,"column":6},"end":{"line":481,"column":7}},"type":"if","locations":[{"start":{"line":470,"column":6},"end":{"line":481,"column":7}},{"start":{},"end":{}}],"line":470},"8":{"loc":{"start":{"line":533,"column":6},"end":{"line":544,"column":7}},"type":"if","locations":[{"start":{"line":533,"column":6},"end":{"line":544,"column":7}},{"start":{},"end":{}}],"line":533},"9":{"loc":{"start":{"line":590,"column":6},"end":{"line":601,"column":7}},"type":"if","locations":[{"start":{"line":590,"column":6},"end":{"line":601,"column":7}},{"start":{},"end":{}}],"line":590},"10":{"loc":{"start":{"line":706,"column":4},"end":{"line":751,"column":5}},"type":"if","locations":[{"start":{"line":706,"column":4},"end":{"line":751,"column":5}},{"start":{},"end":{}}],"line":706},"11":{"loc":{"start":{"line":738,"column":10},"end":{"line":745,"column":11}},"type":"if","locations":[{"start":{"line":738,"column":10},"end":{"line":745,"column":11}},{"start":{},"end":{}}],"line":738},"12":{"loc":{"start":{"line":823,"column":6},"end":{"line":868,"column":7}},"type":"if","locations":[{"start":{"line":823,"column":6},"end":{"line":868,"column":7}},{"start":{},"end":{}}],"line":823},"13":{"loc":{"start":{"line":855,"column":12},"end":{"line":862,"column":13}},"type":"if","locations":[{"start":{"line":855,"column":12},"end":{"line":862,"column":13}},{"start":{},"end":{}}],"line":855},"14":{"loc":{"start":{"line":927,"column":6},"end":{"line":938,"column":7}},"type":"if","locations":[{"start":{"line":927,"column":6},"end":{"line":938,"column":7}},{"start":{},"end":{}}],"line":927},"15":{"loc":{"start":{"line":953,"column":2},"end":{"line":953,"column":26}},"type":"binary-expr","locations":[{"start":{"line":953,"column":2},"end":{"line":953,"column":18}},{"start":{"line":953,"column":22},"end":{"line":953,"column":26}}],"line":953},"16":{"loc":{"start":{"line":955,"column":0},"end":{"line":961,"column":1}},"type":"if","locations":[{"start":{"line":955,"column":0},"end":{"line":961,"column":1}},{"start":{},"end":{}}],"line":955}},"s":{"0":3,"1":3,"2":3,"3":3,"4":3,"5":3,"6":3,"7":3,"8":3,"9":3,"10":3,"11":3,"12":3,"13":3,"14":3,"15":3,"16":0,"17":3,"18":0,"19":0,"20":0,"21":0,"22":0,"23":0,"24":0,"25":0,"26":0,"27":0,"28":0,"29":0,"30":0,"31":0,"32":0,"33":0,"34":0,"35":0,"36":0,"37":0,"38":0,"39":0,"40":0,"41":0,"42":0,"43":0,"44":3,"45":1,"46":1,"47":1,"48":1,"49":0,"50":1,"51":1,"52":0,"53":3,"54":0,"55":0,"56":0,"57":0,"58":0,"59":0,"60":0,"61":3,"62":0,"63":0,"64":0,"65":0,"66":0,"67":0,"68":0,"69":3,"70":0,"71":0,"72":0,"73":0,"74":0,"75":0,"76":0,"77":3,"78":1,"79":1,"80":1,"81":1,"82":0,"83":0,"84":1,"85":3,"86":0,"87":0,"88":0,"89":0,"90":0,"91":0,"92":0,"93":0,"94":3,"95":0,"96":0,"97":0,"98":0,"99":0,"100":0,"101":0,"102":0,"103":0,"104":0,"105":0,"106":0,"107":0,"108":3,"109":0,"110":0,"111":0,"112":0,"113":0,"114":0,"115":0,"116":0,"117":0,"118":0,"119":0,"120":0,"121":0,"122":0,"123":3,"124":1,"125":1,"126":1,"127":1,"128":0,"129":0,"130":1,"131":3,"132":3,"133":0,"134":0,"135":3},"f":{"0":0,"1":0,"2":0,"3":0,"4":1,"5":1,"6":0,"7":0,"8":0,"9":0,"10":0,"11":0,"12":1,"13":1,"14":0,"15":0,"16":0,"17":0,"18":0,"19":1,"20":1,"21":0},"b":{"0":[0,0],"1":[0,0],"2":[0,0],"3":[0,0],"4":[0,1],"5":[1,0],"6":[0,0],"7":[0,0],"8":[0,0],"9":[0,1],"10":[0,0],"11":[0,0],"12":[0,0],"13":[0,0],"14":[0,1],"15":[3,0],"16":[0,3]},"_coverageSchema":"1a1c01bbd47fc00a2c39e90264f33305004495a9","hash":"f8dbda5aa97874d2da3cc603c5e801367e56ab5a"}
,"C:\\Users\\Usuario\\Desktop\\nutricion\\backend\\adapters\\IAAdapter.js": {"path":"C:\\Users\\Usuario\\Desktop\\nutricion\\backend\\adapters\\IAAdapter.js","statementMap":{"0":{"start":{"line":5,"column":4},"end":{"line":7,"column":6}},"1":{"start":{"line":13,"column":0},"end":{"line":13,"column":27}}},"fnMap":{"0":{"name":"(anonymous_0)","decl":{"start":{"line":3,"column":2},"end":{"line":3,"column":3}},"loc":{"start":{"line":3,"column":33},"end":{"line":9,"column":3}},"line":3}},"branchMap":{},"s":{"0":0,"1":4},"f":{"0":0},"b":{},"_coverageSchema":"1a1c01bbd47fc00a2c39e90264f33305004495a9","hash":"0b109a2295c578504520b3ceafd9d716a8ece5a2"}
,"C:\\Users\\Usuario\\Desktop\\nutricion\\backend\\adapters\\OpenRouterAdapter.js": {"path":"C:\\Users\\Usuario\\Desktop\\nutricion\\backend\\adapters\\OpenRouterAdapter.js","statementMap":{"0":{"start":{"line":1,"column":14},"end":{"line":1,"column":30}},"1":{"start":{"line":4,"column":0},"end":{"line":4,"column":22}},"2":{"start":{"line":11,"column":4},"end":{"line":66,"column":5}},"3":{"start":{"line":14,"column":8},"end":{"line":51,"column":9}},"4":{"start":{"line":53,"column":6},"end":{"line":56,"column":17}},"5":{"start":{"line":62,"column":6},"end":{"line":62,"column":25}},"6":{"start":{"line":64,"column":6},"end":{"line":64,"column":36}},"7":{"start":{"line":72,"column":0},"end":{"line":73,"column":20}}},"fnMap":{"0":{"name":"(anonymous_0)","decl":{"start":{"line":9,"column":2},"end":{"line":9,"column":3}},"loc":{"start":{"line":9,"column":33},"end":{"line":68,"column":3}},"line":9}},"branchMap":{},"s":{"0":4,"1":4,"2":0,"3":0,"4":0,"5":0,"6":0,"7":4},"f":{"0":0},"b":{},"_coverageSchema":"1a1c01bbd47fc00a2c39e90264f33305004495a9","hash":"15a15f4e69fb19b826af07b4177357f6fa480359"}
,"C:\\Users\\Usuario\\Desktop\\nutricion\\backend\\strategies\\BajarPesoStrategy.js": {"path":"C:\\Users\\Usuario\\Desktop\\nutricion\\backend\\strategies\\BajarPesoStrategy.js","statementMap":{"0":{"start":{"line":5,"column":4},"end":{"line":19,"column":2}},"1":{"start":{"line":25,"column":0},"end":{"line":25,"column":35}}},"fnMap":{"0":{"name":"(anonymous_0)","decl":{"start":{"line":3,"column":2},"end":{"line":3,"column":3}},"loc":{"start":{"line":3,"column":12},"end":{"line":21,"column":3}},"line":3}},"branchMap":{},"s":{"0":2,"1":5},"f":{"0":2},"b":{},"_coverageSchema":"1a1c01bbd47fc00a2c39e90264f33305004495a9","hash":"039574bc65b48d4e2ce325f11700b55718e7698c"}
,"C:\\Users\\Usuario\\Desktop\\nutricion\\backend\\strategies\\DietaStrategy.js": {"path":"C:\\Users\\Usuario\\Desktop\\nutricion\\backend\\strategies\\DietaStrategy.js","statementMap":{"0":{"start":{"line":5,"column":4},"end":{"line":5,"column":33}},"1":{"start":{"line":11,"column":4},"end":{"line":11,"column":37}},"2":{"start":{"line":17,"column":0},"end":{"line":17,"column":31}}},"fnMap":{"0":{"name":"(anonymous_0)","decl":{"start":{"line":3,"column":2},"end":{"line":3,"column":3}},"loc":{"start":{"line":3,"column":26},"end":{"line":7,"column":3}},"line":3},"1":{"name":"(anonymous_1)","decl":{"start":{"line":9,"column":2},"end":{"line":9,"column":3}},"loc":{"start":{"line":9,"column":16},"end":{"line":13,"column":3}},"line":9}},"branchMap":{},"s":{"0":1,"1":1,"2":4},"f":{"0":1,"1":1},"b":{},"_coverageSchema":"1a1c01bbd47fc00a2c39e90264f33305004495a9","hash":"41971ed0f694b01cf6d4f789c2b4a527835a33d0"}
,"C:\\Users\\Usuario\\Desktop\\nutricion\\backend\\strategies\\GanarMusculoStrategy.js": {"path":"C:\\Users\\Usuario\\Desktop\\nutricion\\backend\\strategies\\GanarMusculoStrategy.js","statementMap":{"0":{"start":{"line":5,"column":4},"end":{"line":19,"column":2}},"1":{"start":{"line":25,"column":0},"end":{"line":25,"column":38}}},"fnMap":{"0":{"name":"(anonymous_0)","decl":{"start":{"line":3,"column":2},"end":{"line":3,"column":3}},"loc":{"start":{"line":3,"column":12},"end":{"line":21,"column":3}},"line":3}},"branchMap":{},"s":{"0":1,"1":4},"f":{"0":1},"b":{},"_coverageSchema":"1a1c01bbd47fc00a2c39e90264f33305004495a9","hash":"e26795cfac178e4b8930ac74fcc728d3dac33560"}
,"C:\\Users\\Usuario\\Desktop\\nutricion\\backend\\strategies\\MantenerPesoStrategy.js": {"path":"C:\\Users\\Usuario\\Desktop\\nutricion\\backend\\strategies\\MantenerPesoStrategy.js","statementMap":{"0":{"start":{"line":5,"column":4},"end":{"line":19,"column":2}},"1":{"start":{"line":25,"column":0},"end":{"line":25,"column":38}}},"fnMap":{"0":{"name":"(anonymous_0)","decl":{"start":{"line":3,"column":2},"end":{"line":3,"column":3}},"loc":{"start":{"line":3,"column":12},"end":{"line":21,"column":3}},"line":3}},"branchMap":{},"s":{"0":1,"1":4},"f":{"0":1},"b":{},"_coverageSchema":"1a1c01bbd47fc00a2c39e90264f33305004495a9","hash":"0fff3782b42a3135cac24e181de643afac2a0b18"}
}
