TN:
SF:db.js
FN:19,(anonymous_0)
FNF:1
FNH:1
FNDA:3,(anonymous_0)
DA:1,3
DA:7,3
DA:19,3
DA:21,3
DA:23,0
DA:24,0
DA:28,3
DA:36,3
LF:8
LH:6
BRDA:21,0,0,0
BRDA:21,0,1,3
BRF:2
BRH:1
end_of_record
TN:
SF:server.js
FN:57,(anonymous_0)
FN:69,(anonymous_1)
FN:117,(anonymous_2)
FN:260,(anonymous_3)
FN:319,(anonymous_4)
FN:350,(anonymous_5)
FN:394,(anonymous_6)
FN:414,(anonymous_7)
FN:445,(anonymous_8)
FN:468,(anonymous_9)
FN:495,(anonymous_10)
FN:531,(anonymous_11)
FN:563,(anonymous_12)
FN:588,(anonymous_13)
FN:615,(anonymous_14)
FN:667,(anonymous_15)
FN:736,(anonymous_16)
FN:786,(anonymous_17)
FN:853,(anonymous_18)
FN:902,(anonymous_19)
FN:925,(anonymous_20)
FN:957,(anonymous_21)
FNF:22
FNH:6
FNDA:0,(anonymous_0)
FNDA:0,(anonymous_1)
FNDA:0,(anonymous_2)
FNDA:0,(anonymous_3)
FNDA:1,(anonymous_4)
FNDA:1,(anonymous_5)
FNDA:0,(anonymous_6)
FNDA:0,(anonymous_7)
FNDA:0,(anonymous_8)
FNDA:0,(anonymous_9)
FNDA:0,(anonymous_10)
FNDA:0,(anonymous_11)
FNDA:1,(anonymous_12)
FNDA:1,(anonymous_13)
FNDA:0,(anonymous_14)
FNDA:0,(anonymous_15)
FNDA:0,(anonymous_16)
FNDA:0,(anonymous_17)
FNDA:0,(anonymous_18)
FNDA:1,(anonymous_19)
FNDA:1,(anonymous_20)
FNDA:0,(anonymous_21)
DA:1,3
DA:2,3
DA:3,3
DA:4,3
DA:6,3
DA:13,3
DA:16,3
DA:19,3
DA:22,3
DA:29,3
DA:31,3
DA:33,3
DA:39,3
DA:41,3
DA:47,3
DA:57,3
DA:59,0
DA:69,3
DA:81,0
DA:83,0
DA:101,0
DA:119,0
DA:121,0
DA:123,0
DA:133,0
DA:135,0
DA:143,0
DA:147,0
DA:152,0
DA:156,0
DA:163,0
DA:169,0
DA:174,0
DA:180,0
DA:221,0
DA:224,0
DA:230,0
DA:246,0
DA:262,0
DA:264,0
DA:266,0
DA:275,0
DA:298,0
DA:300,0
DA:319,3
DA:326,1
DA:328,1
DA:339,1
DA:352,1
DA:354,0
DA:363,1
DA:365,1
DA:374,0
DA:394,3
DA:396,0
DA:398,0
DA:408,0
DA:416,0
DA:418,0
DA:420,0
DA:429,0
DA:445,3
DA:448,0
DA:450,0
DA:462,0
DA:470,0
DA:472,0
DA:474,0
DA:483,0
DA:495,3
DA:503,0
DA:505,0
DA:519,0
DA:533,0
DA:535,0
DA:537,0
DA:546,0
DA:563,3
DA:566,1
DA:568,1
DA:582,1
DA:590,1
DA:592,0
DA:594,0
DA:603,1
DA:615,3
DA:617,0
DA:620,0
DA:622,0
DA:635,0
DA:638,0
DA:640,0
DA:650,0
DA:652,0
DA:667,3
DA:669,0
DA:676,0
DA:678,0
DA:697,0
DA:700,0
DA:706,0
DA:708,0
DA:723,0
DA:738,0
DA:740,0
DA:753,0
DA:763,0
DA:765,0
DA:780,3
DA:788,0
DA:794,0
DA:796,0
DA:814,0
DA:817,0
DA:823,0
DA:825,0
DA:840,0
DA:855,0
DA:857,0
DA:871,0
DA:873,0
DA:883,0
DA:885,0
DA:902,3
DA:905,1
DA:907,1
DA:919,1
DA:927,1
DA:929,0
DA:931,0
DA:940,1
DA:953,3
DA:955,3
DA:957,0
DA:958,0
DA:963,3
LF:136
LH:45
BRDA:119,0,0,0
BRDA:119,0,1,0
BRDA:143,1,0,0
BRDA:143,1,1,0
BRDA:152,2,0,0
BRDA:152,2,1,0
BRDA:262,3,0,0
BRDA:262,3,1,0
BRDA:352,4,0,0
BRDA:352,4,1,1
BRDA:363,5,0,1
BRDA:363,5,1,0
BRDA:416,6,0,0
BRDA:416,6,1,0
BRDA:470,7,0,0
BRDA:470,7,1,0
BRDA:533,8,0,0
BRDA:533,8,1,0
BRDA:590,9,0,0
BRDA:590,9,1,1
BRDA:706,10,0,0
BRDA:706,10,1,0
BRDA:738,11,0,0
BRDA:738,11,1,0
BRDA:823,12,0,0
BRDA:823,12,1,0
BRDA:855,13,0,0
BRDA:855,13,1,0
BRDA:927,14,0,0
BRDA:927,14,1,1
BRDA:953,15,0,3
BRDA:953,15,1,0
BRDA:955,16,0,0
BRDA:955,16,1,3
BRF:34
BRH:6
end_of_record
TN:
SF:adapters\IAAdapter.js
FN:3,(anonymous_0)
FNF:1
FNH:0
FNDA:0,(anonymous_0)
DA:5,0
DA:13,4
LF:2
LH:1
BRF:0
BRH:0
end_of_record
TN:
SF:adapters\OpenRouterAdapter.js
FN:9,(anonymous_0)
FNF:1
FNH:0
FNDA:0,(anonymous_0)
DA:1,4
DA:4,4
DA:11,0
DA:14,0
DA:53,0
DA:62,0
DA:64,0
DA:72,4
LF:8
LH:3
BRF:0
BRH:0
end_of_record
TN:
SF:strategies\BajarPesoStrategy.js
FN:3,(anonymous_0)
FNF:1
FNH:1
FNDA:2,(anonymous_0)
DA:5,2
DA:25,5
LF:2
LH:2
BRF:0
BRH:0
end_of_record
TN:
SF:strategies\DietaStrategy.js
FN:3,(anonymous_0)
FN:9,(anonymous_1)
FNF:2
FNH:2
FNDA:1,(anonymous_0)
FNDA:1,(anonymous_1)
DA:5,1
DA:11,1
DA:17,4
LF:3
LH:3
BRF:0
BRH:0
end_of_record
TN:
SF:strategies\GanarMusculoStrategy.js
FN:3,(anonymous_0)
FNF:1
FNH:1
FNDA:1,(anonymous_0)
DA:5,1
DA:25,4
LF:2
LH:2
BRF:0
BRH:0
end_of_record
TN:
SF:strategies\MantenerPesoStrategy.js
FN:3,(anonymous_0)
FNF:1
FNH:1
FNDA:1,(anonymous_0)
DA:5,1
DA:25,4
LF:2
LH:2
BRF:0
BRH:0
end_of_record
